000 (1722263.000.000) 12/15 14:22:08 Job submitted from host: <188.185.129.8:9618?addrs=188.185.129.8-9618+[2001-1458-d03-1--100-8a]-9618&alias=bigbird101.cern.ch&noUDP&sock=schedd_5039_e9d1>
...
040 (1722263.000.000) 12/15 14:26:38 Started transferring input files
	Transferring to host: <188.185.215.172:9618?addrs=188.185.215.172-9618+[2001-1458-303-26--100-28]-9618&alias=b9p18p7744.cern.ch&noUDP&sock=slot1_15_2488704_db4b_11292>
...
040 (1722263.000.000) 12/15 14:26:38 Finished transferring input files
...
001 (1722263.000.000) 12/15 14:26:39 Job executing on host: <188.185.215.172:9618?addrs=188.185.215.172-9618+[2001-1458-303-26--100-28]-9618&alias=b9p18p7744.cern.ch&noUDP&sock=startd_6761_0fe7>
	SlotName: slot1_15@b9p18p7744.cern.ch
	CondorScratchDir = "/pool/condor/dir_3555167"
	Cpus = 1
	Disk = 3795
	GPUs = 0
	Memory = 3000
...
006 (1722263.000.000) 12/15 14:26:53 Image size of job updated: 175684
	172  -  MemoryUsage of job (MB)
	175684  -  ResidentSetSize of job (KB)
...
006 (1722263.000.000) 12/15 14:31:54 Image size of job updated: 342992
	306  -  MemoryUsage of job (MB)
	312404  -  ResidentSetSize of job (KB)
...
006 (1722263.000.000) 12/15 14:36:54 Image size of job updated: 342992
	320  -  MemoryUsage of job (MB)
	327644  -  ResidentSetSize of job (KB)
...
006 (1722263.000.000) 12/15 14:41:27 Image size of job updated: 366852
	320  -  MemoryUsage of job (MB)
	327644  -  ResidentSetSize of job (KB)
...
040 (1722263.000.000) 12/15 14:41:27 Started transferring output files
...
040 (1722263.000.000) 12/15 14:41:28 Finished transferring output files
...
005 (1722263.000.000) 12/15 14:41:28 Job terminated.
	(1) Normal termination (return value 0)
		Usr 0 00:01:48, Sys 0 00:00:40  -  Run Remote Usage
		Usr 0 00:00:00, Sys 0 00:00:00  -  Run Local Usage
		Usr 0 00:01:48, Sys 0 00:00:40  -  Total Remote Usage
		Usr 0 00:00:00, Sys 0 00:00:00  -  Total Local Usage
	6402  -  Run Bytes Sent By Job
	422  -  Run Bytes Received By Job
	6402  -  Total Bytes Sent By Job
	422  -  Total Bytes Received By Job
	Partitionable Resources :    Usage  Request Allocated 
	   Cpus                 :     0.14        1         1 
	   Disk (KB)            :    29           1      3795 
	   GPUs                 :                           0 
	   Memory (MB)          :   320        3000      3000 
	   TimeExecute (s)      :   888                       
	   TimeSlotBusy (s)     :   891                       

	Job terminated of its own accord at 2025-12-15T13:41:27Z with exit-code 0.
...
