[Mon Dec 15 02:26:45 PM CET 2025] Starting on b9p18p7744.cern.ch
Extracting layer info from /eos/cms/store/group/dpg_hgcal/tb_hgcal/2025/SepTestBeam2025//Run112149/65ed5258-ab32-11f0-a4b8-04d9f5f94829/prompt/NANO_112149_1.root
Layer	Module name	Readout sequence
1	ML_F3WC_IH0197	0
2	ML_F3WC_IH0196	1
3	ML_F3WC_IH0198	2
4	ML_F3WC_IH0190	3
5	ML_F3WC_IH0192	4
6	ML_F3WC_IH0191	5
7	ML_F3WC_IH0194	8
8	ML_F3WC_IH0182	6
9	ML_F3WC_IH0180	7
10	ML_F3WC_IH0199	9
Loading alignment
/afs/cern.ch/user/h/hungwei/testbeam_hungwei_Python/TB2025Analysis/alignment
Total events: 6852144
Start event selection.
Passed TrigTime selection: 857343
Passed unique layers check: 840086
Passed hit<4 check: 529002
Passed adjacent hit check: 36345
Selection complete. Saving selected coordinates to /afs/cern.ch/user/h/hungwei/testbeam_hungwei_Python/TB2025Analysis/alignment/selected_hits.root...
Done. File saved.
[Mon Dec 15 14:41:27 CET 2025] Done.
